0 info it worked if it ends with ok
1 verbose cli [ '/usr/bin/node', '/usr/bin/npm', 'install', 'fsevents' ]
2 info using npm@3.5.2
3 info using node@v8.10.0
4 silly loadCurrentTree Starting
5 silly install loadCurrentTree
6 silly install readLocalPackageData
7 silly fetchPackageMetaData fsevents
8 silly fetchNamedPackageData fsevents
9 silly mapToRegistry name fsevents
10 silly mapToRegistry using default registry
11 silly mapToRegistry registry https://registry.npmjs.org/
12 silly mapToRegistry uri https://registry.npmjs.org/fsevents
13 verbose request uri https://registry.npmjs.org/fsevents
14 verbose request no auth needed
15 info attempt registry request try #1 at 1:13:49 PM
16 verbose request id 325cf197d742790d
17 verbose etag W/"897b89cb36d39b1e4f3706e4aaceba9b"
18 verbose lastModified Fri, 05 Feb 2021 14:46:37 GMT
19 http request GET https://registry.npmjs.org/fsevents
20 http 304 https://registry.npmjs.org/fsevents
21 verbose headers { date: 'Fri, 19 Mar 2021 06:13:50 GMT',
21 verbose headers   connection: 'keep-alive',
21 verbose headers   'set-cookie':
21 verbose headers    [ '__cfduid=de2c52cdcc8c437f9f979518075e072931616134430; expires=Sun, 18-Apr-21 06:13:50 GMT; path=/; domain=.npmjs.org; HttpOnly; SameSite=Lax' ],
21 verbose headers   'cf-ray': '63248e9fa9ae19d5-SIN',
21 verbose headers   age: '6345',
21 verbose headers   'cache-control': 'public, max-age=300',
21 verbose headers   etag: '"897b89cb36d39b1e4f3706e4aaceba9b"',
21 verbose headers   'last-modified': 'Fri, 05 Feb 2021 14:46:37 GMT',
21 verbose headers   vary: 'Accept-Encoding',
21 verbose headers   'cf-cache-status': 'HIT',
21 verbose headers   'cf-request-id': '08eab777c6000019d515a76000000001',
21 verbose headers   'expect-ct': 'max-age=604800, report-uri="https://report-uri.cloudflare.com/cdn-cgi/beacon/expect-ct"',
21 verbose headers   server: 'cloudflare' }
22 silly get cb [ 304,
22 silly get   { date: 'Fri, 19 Mar 2021 06:13:50 GMT',
22 silly get     connection: 'keep-alive',
22 silly get     'set-cookie':
22 silly get      [ '__cfduid=de2c52cdcc8c437f9f979518075e072931616134430; expires=Sun, 18-Apr-21 06:13:50 GMT; path=/; domain=.npmjs.org; HttpOnly; SameSite=Lax' ],
22 silly get     'cf-ray': '63248e9fa9ae19d5-SIN',
22 silly get     age: '6345',
22 silly get     'cache-control': 'public, max-age=300',
22 silly get     etag: '"897b89cb36d39b1e4f3706e4aaceba9b"',
22 silly get     'last-modified': 'Fri, 05 Feb 2021 14:46:37 GMT',
22 silly get     vary: 'Accept-Encoding',
22 silly get     'cf-cache-status': 'HIT',
22 silly get     'cf-request-id': '08eab777c6000019d515a76000000001',
22 silly get     'expect-ct': 'max-age=604800, report-uri="https://report-uri.cloudflare.com/cdn-cgi/beacon/expect-ct"',
22 silly get     server: 'cloudflare' } ]
23 verbose etag https://registry.npmjs.org/fsevents from cache
24 verbose get saving fsevents to /home/putri/.npm/registry.npmjs.org/fsevents/.cache.json
25 silly install normalizeTree
26 silly loadCurrentTree Finishing
27 silly loadIdealTree Starting
28 silly install loadIdealTree
29 silly cloneCurrentTree Starting
30 silly install cloneCurrentTreeToIdealTree
31 silly cloneCurrentTree Finishing
32 silly loadShrinkwrap Starting
33 silly install loadShrinkwrap
34 silly loadShrinkwrap Finishing
35 silly loadAllDepsIntoIdealTree Starting
36 silly install loadAllDepsIntoIdealTree
37 silly rollbackFailedOptional Starting
38 silly rollbackFailedOptional Finishing
39 silly runTopLevelLifecycles Starting
40 silly runTopLevelLifecycles Finishing
41 silly install printInstalled
42 verbose stack Error: Unsupported
42 verbose stack     at checkPlatform (/usr/share/npm/node_modules/npm-install-checks/index.js:46:14)
42 verbose stack     at Array.<anonymous> (/usr/share/npm/node_modules/slide/lib/bind-actor.js:15:8)
42 verbose stack     at LOOP (/usr/share/npm/node_modules/slide/lib/chain.js:15:14)
42 verbose stack     at /usr/share/npm/node_modules/slide/lib/chain.js:18:7
42 verbose stack     at checkEngine (/usr/share/npm/node_modules/npm-install-checks/index.js:25:10)
42 verbose stack     at Array.<anonymous> (/usr/share/npm/node_modules/slide/lib/bind-actor.js:15:8)
42 verbose stack     at LOOP (/usr/share/npm/node_modules/slide/lib/chain.js:15:14)
42 verbose stack     at chain (/usr/share/npm/node_modules/slide/lib/chain.js:20:5)
42 verbose stack     at module.exports.isInstallable (/usr/share/npm/lib/install/validate-args.js:26:3)
42 verbose stack     at Array.<anonymous> (/usr/share/npm/node_modules/slide/lib/bind-actor.js:15:8)
43 verbose pkgid fsevents@2.3.2
44 verbose cwd /home/putri/teamb-backend
45 error Linux 5.4.72-microsoft-standard-WSL2
46 error argv "/usr/bin/node" "/usr/bin/npm" "install" "fsevents"
47 error node v8.10.0
48 error npm  v3.5.2
49 error code EBADPLATFORM
50 error notsup Not compatible with your operating system or architecture: fsevents@2.3.2
51 error notsup Valid OS:    darwin
51 error notsup Valid Arch:  any
51 error notsup Actual OS:   linux
51 error notsup Actual Arch: x64
52 verbose exit [ 1, true ]
